#
# There is insufficient memory for the Java Runtime Environment to continue.
# Native memory allocation (mmap) failed to map 105906176 bytes. Error detail: G1 virtual space
# Possible reasons:
#   The system is out of physical RAM or swap space
#   This process is running with CompressedOops enabled, and the Java Heap may be blocking the growth of the native heap
# Possible solutions:
#   Reduce memory load on the system
#   Increase physical memory or swap space
#   Check if swap backing store is full
#   Decrease Java heap size (-Xmx/-Xms)
#   Decrease number of Java threads
#   Decrease Java thread stack sizes (-Xss)
#   Set larger code cache with -XX:ReservedCodeCacheSize=
#   JVM is running with Unscaled Compressed Oops mode in which the Java heap is
#     placed in the first 4GB address space. The Java Heap base address is the
#     maximum limit for the native heap growth. Please use -XX:HeapBaseMinAddress
#     to set the Java Heap base and to place the Java Heap above 4GB virtual address.
# This output file may be truncated or incomplete.
#
#  Out of Memory Error (os_windows.cpp:3631), pid=3916, tid=20120
#
# JRE version: Java(TM) SE Runtime Environment (22.0.1+8) (build 22.0.1+8-16)
# Java VM: Java HotSpot(TM) 64-Bit Server VM (22.0.1+8-16, mixed mode, emulated-client, sharing, tiered, compressed oops, compressed class ptrs, g1 gc, windows-amd64)
# No core dump will be written. Minidumps are not enabled by default on client versions of Windows
#

---------------  S U M M A R Y ------------

Command Line: -XX:TieredStopAtLevel=1 -Dspring.output.ansi.enabled=always -Dcom.sun.management.jmxremote -Dspring.jmx.enabled=true -Dspring.liveBeansView.mbeanDomain -Dspring.application.admin.enabled=true -Dmanagement.endpoints.jmx.exposure.include=* -javaagent:C:\Program Files\JetBrains\IntelliJ IDEA 2024.2\lib\idea_rt.jar=54326:C:\Program Files\JetBrains\IntelliJ IDEA 2024.2\bin -Dfile.encoding=UTF-8 -Dsun.stdout.encoding=UTF-8 -Dsun.stderr.encoding=UTF-8 com.hmtravels.agency.AgencyApplication

Host: AMD Ryzen 5 7430U with Radeon Graphics         , 12 cores, 7G,  Windows 11 , 64 bit Build 26100 (10.0.26100.7920)
Time: Tue Mar 17 17:45:25 2026 Pakistan Standard Time elapsed time: 7.582513 seconds (0d 0h 0m 7s)

---------------  T H R E A D  ---------------

Current thread (0x00000232364f4400):  VMThread "VM Thread"          [id=20120, stack(0x0000009e70000000,0x0000009e70100000) (1024K)]

Stack: [0x0000009e70000000,0x0000009e70100000]
Native frames: (J=compiled Java code, j=interpreted, Vv=VM code, C=native code)
V  [jvm.dll+0x6e2279]  (no source info available)
V  [jvm.dll+0x874e33]  (no source info available)
V  [jvm.dll+0x87725e]  (no source info available)
V  [jvm.dll+0x877933]  (no source info available)
V  [jvm.dll+0x27fd76]  (no source info available)
V  [jvm.dll+0x6de915]  (no source info available)
V  [jvm.dll+0x6d341a]  (no source info available)
V  [jvm.dll+0x3589da]  (no source info available)
V  [jvm.dll+0x360f06]  (no source info available)
V  [jvm.dll+0x3b3e2e]  (no source info available)
V  [jvm.dll+0x3b40d8]  (no source info available)
V  [jvm.dll+0x32c59c]  (no source info available)
V  [jvm.dll+0x32c627]  (no source info available)
V  [jvm.dll+0x37229c]  (no source info available)
V  [jvm.dll+0x370996]  (no source info available)
V  [jvm.dll+0x32bc87]  (no source info available)
V  [jvm.dll+0x370154]  (no source info available)
V  [jvm.dll+0x87d7d0]  (no source info available)
V  [jvm.dll+0x87eb57]  (no source info available)
V  [jvm.dll+0x87f0d0]  (no source info available)
V  [jvm.dll+0x87f373]  (no source info available)
V  [jvm.dll+0x81d44b]  (no source info available)
V  [jvm.dll+0x6e0915]  (no source info available)
C  [ucrtbase.dll+0x37b0]  (no source info available)
C  [KERNEL32.DLL+0x2e8d7]  (no source info available)
C  [ntdll.dll+0x8c48c]  (no source info available)

VM_Operation (0x0000009e6f9fd910): G1CollectForAllocation, mode: safepoint, requested by thread 0x0000023223aeff50


---------------  P R O C E S S  ---------------

Threads class SMR info:
_java_thread_list=0x000002327d4072b0, length=19, elements={
0x0000023223aeff50, 0x000002323650f500, 0x000002323650ff60, 0x0000023236514670,
0x0000023236518640, 0x000002323651c170, 0x000002323651aa10, 0x000002323651b620,
0x00000232364d97c0, 0x000002323675c280, 0x00000232366f2250, 0x00000232368bfbf0,
0x000002327c17b2f0, 0x000002327c17f970, 0x000002327c499c20, 0x000002327c4bd540,
0x000002327c526230, 0x000002327c55c990, 0x000002327c55dd60
}

Java Threads: ( => current thread )
  0x0000023223aeff50 JavaThread "main"                              [_thread_blocked, id=19088, stack(0x0000009e6f900000,0x0000009e6fa00000) (1024K)]
  0x000002323650f500 JavaThread "Reference Handler"          daemon [_thread_blocked, id=10440, stack(0x0000009e70100000,0x0000009e70200000) (1024K)]
  0x000002323650ff60 JavaThread "Finalizer"                  daemon [_thread_blocked, id=18840, stack(0x0000009e70200000,0x0000009e70300000) (1024K)]
  0x0000023236514670 JavaThread "Signal Dispatcher"          daemon [_thread_blocked, id=19272, stack(0x0000009e70300000,0x0000009e70400000) (1024K)]
  0x0000023236518640 JavaThread "Attach Listener"            daemon [_thread_blocked, id=9828, stack(0x0000009e70400000,0x0000009e70500000) (1024K)]
  0x000002323651c170 JavaThread "Service Thread"             daemon [_thread_blocked, id=5520, stack(0x0000009e70500000,0x0000009e70600000) (1024K)]
  0x000002323651aa10 JavaThread "Monitor Deflation Thread"   daemon [_thread_blocked, id=14840, stack(0x0000009e70600000,0x0000009e70700000) (1024K)]
  0x000002323651b620 JavaThread "C1 CompilerThread0"         daemon [_thread_blocked, id=21744, stack(0x0000009e70700000,0x0000009e70800000) (1024K)]
  0x00000232364d97c0 JavaThread "Common-Cleaner"             daemon [_thread_blocked, id=12172, stack(0x0000009e70800000,0x0000009e70900000) (1024K)]
  0x000002323675c280 JavaThread "C1 CompilerThread1"         daemon [_thread_blocked, id=20512, stack(0x0000009e70900000,0x0000009e70a00000) (1024K)]
  0x00000232366f2250 JavaThread "C1 CompilerThread2"         daemon [_thread_blocked, id=7820, stack(0x0000009e70a00000,0x0000009e70b00000) (1024K)]
  0x00000232368bfbf0 JavaThread "C1 CompilerThread3"         daemon [_thread_blocked, id=13208, stack(0x0000009e70b00000,0x0000009e70c00000) (1024K)]
  0x000002327c17b2f0 JavaThread "Monitor Ctrl-Break"         daemon [_thread_in_native, id=10336, stack(0x0000009e70c00000,0x0000009e70d00000) (1024K)]
  0x000002327c17f970 JavaThread "Notification Thread"        daemon [_thread_blocked, id=12516, stack(0x0000009e70d00000,0x0000009e70e00000) (1024K)]
  0x000002327c499c20 JavaThread "RMI TCP Accept-0"           daemon [_thread_in_native, id=21232, stack(0x0000009e70e00000,0x0000009e70f00000) (1024K)]
  0x000002327c4bd540 JavaThread "RMI TCP Connection(1)-192.168.100.60" daemon [_thread_blocked, id=10324, stack(0x0000009e70f00000,0x0000009e71000000) (1024K)]
  0x000002327c526230 JavaThread "RMI Scheduler(0)"           daemon [_thread_blocked, id=19796, stack(0x0000009e71000000,0x0000009e71100000) (1024K)]
  0x000002327c55c990 JavaThread "RMI TCP Connection(2)-192.168.100.60" daemon [_thread_in_native, id=3188, stack(0x0000009e71100000,0x0000009e71200000) (1024K)]
  0x000002327c55dd60 JavaThread "JMX server connection timeout 26" daemon [_thread_blocked, id=22772, stack(0x0000009e71300000,0x0000009e71400000) (1024K)]
Total: 19

Other Threads:
=>0x00000232364f4400 VMThread "VM Thread"                           [id=20120, stack(0x0000009e70000000,0x0000009e70100000) (1024K)]
  0x00000232364d7cf0 WatcherThread "VM Periodic Task Thread"        [id=20092, stack(0x0000009e6ff00000,0x0000009e70000000) (1024K)]
  0x0000023223fdd9d0 WorkerThread "GC Thread#0"                     [id=21856, stack(0x0000009e6fa00000,0x0000009e6fb00000) (1024K)]
  0x000002327c39e550 WorkerThread "GC Thread#1"                     [id=6184, stack(0x0000009e71200000,0x0000009e71300000) (1024K)]
  0x000002327c5f6520 WorkerThread "GC Thread#2"                     [id=22304, stack(0x0000009e71400000,0x0000009e71500000) (1024K)]
  0x000002327c5e21a0 WorkerThread "GC Thread#3"                     [id=11944, stack(0x0000009e71500000,0x0000009e71600000) (1024K)]
  0x000002327c601900 WorkerThread "GC Thread#4"                     [id=17716, stack(0x0000009e71600000,0x0000009e71700000) (1024K)]
  0x000002327c610f60 WorkerThread "GC Thread#5"                     [id=18804, stack(0x0000009e71700000,0x0000009e71800000) (1024K)]
  0x000002327c625880 WorkerThread "GC Thread#6"                     [id=23176, stack(0x0000009e71800000,0x0000009e71900000) (1024K)]
  0x000002327c6260b0 WorkerThread "GC Thread#7"                     [id=14776, stack(0x0000009e71900000,0x0000009e71a00000) (1024K)]
  0x000002327c628470 WorkerThread "GC Thread#8"                     [id=13692, stack(0x0000009e71a00000,0x0000009e71b00000) (1024K)]
  0x000002327c629f90 WorkerThread "GC Thread#9"                     [id=12428, stack(0x0000009e71b00000,0x0000009e71c00000) (1024K)]
  0x0000023223fed6f0 ConcurrentGCThread "G1 Main Marker"            [id=21352, stack(0x0000009e6fb00000,0x0000009e6fc00000) (1024K)]
  0x0000023223feef90 WorkerThread "G1 Conc#0"                       [id=2092, stack(0x0000009e6fc00000,0x0000009e6fd00000) (1024K)]
  0x000002322403eb70 ConcurrentGCThread "G1 Refine#0"               [id=23544, stack(0x0000009e6fd00000,0x0000009e6fe00000) (1024K)]
  0x00000232363a7700 ConcurrentGCThread "G1 Service"                [id=22676, stack(0x0000009e6fe00000,0x0000009e6ff00000) (1024K)]
Total: 16

Threads with active compile tasks:
C1 CompilerThread0  8693 2303       1       ch.qos.logback.classic.LoggerContext::getTurboFilterChainDecision_0_3OrMore (31 bytes)
C1 CompilerThread1  8693 2300       1       java.util.stream.SpinedBuffer::ensureCapacity (138 bytes)
C1 CompilerThread2  8693 2304   !   1       ch.qos.logback.classic.spi.TurboFilterList::getTurboFilterChainDecision (122 bytes)
C1 CompilerThread3  8693 2297       1       org.springframework.boot.context.properties.source.SpringIterableConfigurationPropertySource::getConfigurationProperty (91 bytes)
Total: 4

VM state: at safepoint (normal execution)

VM Mutex/Monitor currently owned by a thread:  ([mutex/lock_event])
[0x00007ffa7453bbb8] Threads_lock - owner thread: 0x00000232364f4400
[0x00007ffa7453bcb8] Heap_lock - owner thread: 0x0000023223aeff50

Heap address: 0x0000000089800000, size: 1896 MB, Compressed Oops mode: 32-bit

CDS archive(s) mapped at: [0x0000023237000000-0x0000023237c60000-0x0000023237c60000), size 12976128, SharedBaseAddress: 0x0000023237000000, ArchiveRelocationMode: 1.
Compressed class space mapped at: 0x0000023238000000-0x0000023278000000, reserved size: 1073741824
Narrow klass base: 0x0000023237000000, Narrow klass shift: 0, Narrow klass range: 0x41000000

GC Precious Log:
 CardTable entry size: 512
 Card Set container configuration: InlinePtr #cards 5 size 8 Array Of Cards #cards 12 size 40 Howl #buckets 4 coarsen threshold 1843 Howl Bitmap #cards 512 size 80 coarsen threshold 460 Card regions per heap region 1 cards per card region 2048
 CPUs: 12 total, 12 available
 Memory: 7582M
 Large Page Support: Disabled
 NUMA Support: Disabled
 Compressed Oops: Enabled (32-bit)
 Heap Region Size: 1M
 Heap Min Capacity: 8M
 Heap Initial Capacity: 120M
 Heap Max Capacity: 1896M
 Pre-touch: Disabled
 Parallel Workers: 10
 Concurrent Workers: 3
 Concurrent Refinement Workers: 10
 Periodic GC: Disabled

Heap:
 garbage-first heap   total reserved 1941504K, committed 122880K, used 10917K [0x0000000089800000, 0x0000000100000000)
  region size 1024K, 2 young (2048K), 2 survivors (2048K)
 Metaspace       used 12360K, committed 12800K, reserved 1114112K
  class space    used 1673K, committed 1856K, reserved 1048576K

Heap Regions: E=young(eden), S=young(survivor), O=old, HS=humongous(starts), HC=humongous(continues), CS=collection set, F=free, TAMS=top-at-mark-start, PB=parsable bottom
|   0|0x0000000089800000, 0x0000000089900000, 0x0000000089900000|100%|HS|  |TAMS 0x0000000089800000| PB 0x0000000089800000| Complete |  0
|   1|0x0000000089900000, 0x0000000089a00000, 0x0000000089a00000|100%|HS|  |TAMS 0x0000000089900000| PB 0x0000000089900000| Complete |  0
|   2|0x0000000089a00000, 0x0000000089b00000, 0x0000000089b00000|100%| O|  |TAMS 0x0000000089a00000| PB 0x0000000089a00000| Untracked |  0
|   3|0x0000000089b00000, 0x0000000089c00000, 0x0000000089c00000|100%| O|  |TAMS 0x0000000089b00000| PB 0x0000000089b00000| Untracked |  0
|   4|0x0000000089c00000, 0x0000000089d00000, 0x0000000089d00000|100%| O|  |TAMS 0x0000000089c00000| PB 0x0000000089c00000| Untracked |  0
|   5|0x0000000089d00000, 0x0000000089e00000, 0x0000000089e00000|100%| O|  |TAMS 0x0000000089d00000| PB 0x0000000089d00000| Untracked |  0
|   6|0x0000000089e00000, 0x0000000089f00000, 0x0000000089f00000|100%| O|  |TAMS 0x0000000089e00000| PB 0x0000000089e00000| Untracked |  0
|   7|0x0000000089f00000, 0x000000008a000000, 0x000000008a000000|100%| O|  |TAMS 0x0000000089f00000| PB 0x0000000089f00000| Untracked |  0
|   8|0x000000008a000000, 0x000000008a0d5830, 0x000000008a100000| 83%| O|  |TAMS 0x000000008a000000| PB 0x000000008a000000| Untracked |  0
|   9|0x000000008a100000, 0x000000008a100000, 0x000000008a200000|  0%| F|  |TAMS 0x000000008a100000| PB 0x000000008a100000| Untracked |  0
|  10|0x000000008a200000, 0x000000008a200000, 0x000000008a300000|  0%| F|  |TAMS 0x000000008a200000| PB 0x000000008a200000| Untracked |  0
|  11|0x000000008a300000, 0x000000008a300000, 0x000000008a400000|  0%| F|  |TAMS 0x000000008a300000| PB 0x000000008a300000| Untracked |  0
|  12|0x000000008a400000, 0x000000008a400000, 0x000000008a500000|  0%| F|  |TAMS 0x000000008a400000| PB 0x000000008a400000| Untracked |  0
|  13|0x000000008a500000, 0x000000008a500000, 0x000000008a600000|  0%| F|  |TAMS 0x000000008a500000| PB 0x000000008a500000| Untracked |  0
|  14|0x000000008a600000, 0x000000008a600000, 0x000000008a700000|  0%| F|  |TAMS 0x000000008a600000| PB 0x000000008a600000| Untracked |  0
|  15|0x000000008a700000, 0x000000008a700000, 0x000000008a800000|  0%| F|  |TAMS 0x000000008a700000| PB 0x000000008a700000| Untracked |  0
|  16|0x000000008a800000, 0x000000008a800000, 0x000000008a900000|  0%| F|  |TAMS 0x000000008a800000| PB 0x000000008a800000| Untracked |  0
|  17|0x000000008a900000, 0x000000008a900000, 0x000000008aa00000|  0%| F|  |TAMS 0x000000008a900000| PB 0x000000008a900000| Untracked |  0
|  18|0x000000008aa00000, 0x000000008aa00000, 0x000000008ab00000|  0%| F|  |TAMS 0x000000008aa00000| PB 0x000000008aa00000| Untracked |  0
|  19|0x000000008ab00000, 0x000000008ab00000, 0x000000008ac00000|  0%| F|  |TAMS 0x000000008ab00000| PB 0x000000008ab00000| Untracked |  0
|  20|0x000000008ac00000, 0x000000008ac00000, 0x000000008ad00000|  0%| F|  |TAMS 0x000000008ac00000| PB 0x000000008ac00000| Untracked |  0
|  21|0x000000008ad00000, 0x000000008ad00000, 0x000000008ae00000|  0%| F|  |TAMS 0x000000008ad00000| PB 0x000000008ad00000| Untracked |  0
|  22|0x000000008ae00000, 0x000000008ae00000, 0x000000008af00000|  0%| F|  |TAMS 0x000000008ae00000| PB 0x000000008ae00000| Untracked |  0
|  23|0x000000008af00000, 0x000000008af00000, 0x000000008b000000|  0%| F|  |TAMS 0x000000008af00000| PB 0x000000008af00000| Untracked |  0
|  24|0x000000008b000000, 0x000000008b000000, 0x000000008b100000|  0%| F|  |TAMS 0x000000008b000000| PB 0x000000008b000000| Untracked |  0
|  25|0x000000008b100000, 0x000000008b100000, 0x000000008b200000|  0%| F|  |TAMS 0x000000008b100000| PB 0x000000008b100000| Untracked |  0
|  26|0x000000008b200000, 0x000000008b200000, 0x000000008b300000|  0%| F|  |TAMS 0x000000008b200000| PB 0x000000008b200000| Untracked |  0
|  27|0x000000008b300000, 0x000000008b300000, 0x000000008b400000|  0%| F|  |TAMS 0x000000008b300000| PB 0x000000008b300000| Untracked |  0
|  28|0x000000008b400000, 0x000000008b400000, 0x000000008b500000|  0%| F|  |TAMS 0x000000008b400000| PB 0x000000008b400000| Untracked |  0
|  29|0x000000008b500000, 0x000000008b500000, 0x000000008b600000|  0%| F|  |TAMS 0x000000008b500000| PB 0x000000008b500000| Untracked |  0
|  30|0x000000008b600000, 0x000000008b600000, 0x000000008b700000|  0%| F|  |TAMS 0x000000008b600000| PB 0x000000008b600000| Untracked |  0
|  31|0x000000008b700000, 0x000000008b700000, 0x000000008b800000|  0%| F|  |TAMS 0x000000008b700000| PB 0x000000008b700000| Untracked |  0
|  32|0x000000008b800000, 0x000000008b800000, 0x000000008b900000|  0%| F|  |TAMS 0x000000008b800000| PB 0x000000008b800000| Untracked |  0
|  33|0x000000008b900000, 0x000000008b900000, 0x000000008ba00000|  0%| F|  |TAMS 0x000000008b900000| PB 0x000000008b900000| Untracked |  0
|  34|0x000000008ba00000, 0x000000008ba00000, 0x000000008bb00000|  0%| F|  |TAMS 0x000000008ba00000| PB 0x000000008ba00000| Untracked |  0
|  35|0x000000008bb00000, 0x000000008bb00000, 0x000000008bc00000|  0%| F|  |TAMS 0x000000008bb00000| PB 0x000000008bb00000| Untracked |  0
|  36|0x000000008bc00000, 0x000000008bc00000, 0x000000008bd00000|  0%| F|  |TAMS 0x000000008bc00000| PB 0x000000008bc00000| Untracked |  0
|  37|0x000000008bd00000, 0x000000008bd00000, 0x000000008be00000|  0%| F|  |TAMS 0x000000008bd00000| PB 0x000000008bd00000| Untracked |  0
|  38|0x000000008be00000, 0x000000008be00000, 0x000000008bf00000|  0%| F|  |TAMS 0x000000008be00000| PB 0x000000008be00000| Untracked |  0
|  39|0x000000008bf00000, 0x000000008bf00000, 0x000000008c000000|  0%| F|  |TAMS 0x000000008bf00000| PB 0x000000008bf00000| Untracked |  0
|  40|0x000000008c000000, 0x000000008c000000, 0x000000008c100000|  0%| F|  |TAMS 0x000000008c000000| PB 0x000000008c000000| Untracked |  0
|  41|0x000000008c100000, 0x000000008c100000, 0x000000008c200000|  0%| F|  |TAMS 0x000000008c100000| PB 0x000000008c100000| Untracked |  0
|  42|0x000000008c200000, 0x000000008c200000, 0x000000008c300000|  0%| F|  |TAMS 0x000000008c200000| PB 0x000000008c200000| Untracked |  0
|  43|0x000000008c300000, 0x000000008c300000, 0x000000008c400000|  0%| F|  |TAMS 0x000000008c300000| PB 0x000000008c300000| Untracked |  0
|  44|0x000000008c400000, 0x000000008c400000, 0x000000008c500000|  0%| F|  |TAMS 0x000000008c400000| PB 0x000000008c400000| Untracked |  0
|  45|0x000000008c500000, 0x000000008c500000, 0x000000008c600000|  0%| F|  |TAMS 0x000000008c500000| PB 0x000000008c500000| Untracked |  0
|  46|0x000000008c600000, 0x000000008c600000, 0x000000008c700000|  0%| F|  |TAMS 0x000000008c600000| PB 0x000000008c600000| Untracked |  0
|  47|0x000000008c700000, 0x000000008c700000, 0x000000008c800000|  0%| F|  |TAMS 0x000000008c700000| PB 0x000000008c700000| Untracked |  0
|  48|0x000000008c800000, 0x000000008c800000, 0x000000008c900000|  0%| F|  |TAMS 0x000000008c800000| PB 0x000000008c800000| Untracked |  0
|  49|0x000000008c900000, 0x000000008c900000, 0x000000008ca00000|  0%| F|  |TAMS 0x000000008c900000| PB 0x000000008c900000| Untracked |  0
|  50|0x000000008ca00000, 0x000000008ca00000, 0x000000008cb00000|  0%| F|  |TAMS 0x000000008ca00000| PB 0x000000008ca00000| Untracked |  0
|  51|0x000000008cb00000, 0x000000008cb00000, 0x000000008cc00000|  0%| F|  |TAMS 0x000000008cb00000| PB 0x000000008cb00000| Untracked |  0
|  52|0x000000008cc00000, 0x000000008cc00000, 0x000000008cd00000|  0%| F|  |TAMS 0x000000008cc00000| PB 0x000000008cc00000| Untracked |  0
|  53|0x000000008cd00000, 0x000000008cd00000, 0x000000008ce00000|  0%| F|  |TAMS 0x000000008cd00000| PB 0x000000008cd00000| Untracked |  0
|  54|0x000000008ce00000, 0x000000008ce00000, 0x000000008cf00000|  0%| F|  |TAMS 0x000000008ce00000| PB 0x000000008ce00000| Untracked |  0
|  55|0x000000008cf00000, 0x000000008cf00000, 0x000000008d000000|  0%| F|  |TAMS 0x000000008cf00000| PB 0x000000008cf00000| Untracked |  0
|  56|0x000000008d000000, 0x000000008d000000, 0x000000008d100000|  0%| F|  |TAMS 0x000000008d000000| PB 0x000000008d000000| Untracked |  0
|  57|0x000000008d100000, 0x000000008d100000, 0x000000008d200000|  0%| F|  |TAMS 0x000000008d100000| PB 0x000000008d100000| Untracked |  0
|  58|0x000000008d200000, 0x000000008d200000, 0x000000008d300000|  0%| F|  |TAMS 0x000000008d200000| PB 0x000000008d200000| Untracked |  0
|  59|0x000000008d300000, 0x000000008d300000, 0x000000008d400000|  0%| F|  |TAMS 0x000000008d300000| PB 0x000000008d300000| Untracked |  0
|  60|0x000000008d400000, 0x000000008d400000, 0x000000008d500000|  0%| F|  |TAMS 0x000000008d400000| PB 0x000000008d400000| Untracked |  0
|  61|0x000000008d500000, 0x000000008d500000, 0x000000008d600000|  0%| F|  |TAMS 0x000000008d500000| PB 0x000000008d500000| Untracked |  0
|  62|0x000000008d600000, 0x000000008d600000, 0x000000008d700000|  0%| F|  |TAMS 0x000000008d600000| PB 0x000000008d600000| Untracked |  0
|  63|0x000000008d700000, 0x000000008d700000, 0x000000008d800000|  0%| F|  |TAMS 0x000000008d700000| PB 0x000000008d700000| Untracked |  0
|  64|0x000000008d800000, 0x000000008d800000, 0x000000008d900000|  0%| F|  |TAMS 0x000000008d800000| PB 0x000000008d800000| Untracked |  0
|  65|0x000000008d900000, 0x000000008d900000, 0x000000008da00000|  0%| F|  |TAMS 0x000000008d900000| PB 0x000000008d900000| Untracked |  0
|  66|0x000000008da00000, 0x000000008da00000, 0x000000008db00000|  0%| F|  |TAMS 0x000000008da00000| PB 0x000000008da00000| Untracked |  0
|  67|0x000000008db00000, 0x000000008db00000, 0x000000008dc00000|  0%| F|  |TAMS 0x000000008db00000| PB 0x000000008db00000| Untracked |  0
|  68|0x000000008dc00000, 0x000000008dc00000, 0x000000008dd00000|  0%| F|  |TAMS 0x000000008dc00000| PB 0x000000008dc00000| Untracked |  0
|  69|0x000000008dd00000, 0x000000008dd00000, 0x000000008de00000|  0%| F|  |TAMS 0x000000008dd00000| PB 0x000000008dd00000| Untracked |  0
|  70|0x000000008de00000, 0x000000008de00000, 0x000000008df00000|  0%| F|  |TAMS 0x000000008de00000| PB 0x000000008de00000| Untracked |  0
|  71|0x000000008df00000, 0x000000008df00000, 0x000000008e000000|  0%| F|  |TAMS 0x000000008df00000| PB 0x000000008df00000| Untracked |  0
|  72|0x000000008e000000, 0x000000008e000000, 0x000000008e100000|  0%| F|  |TAMS 0x000000008e000000| PB 0x000000008e000000| Untracked |  0
|  73|0x000000008e100000, 0x000000008e100000, 0x000000008e200000|  0%| F|  |TAMS 0x000000008e100000| PB 0x000000008e100000| Untracked |  0
|  74|0x000000008e200000, 0x000000008e200000, 0x000000008e300000|  0%| F|  |TAMS 0x000000008e200000| PB 0x000000008e200000| Untracked |  0
|  75|0x000000008e300000, 0x000000008e300000, 0x000000008e400000|  0%| F|  |TAMS 0x000000008e300000| PB 0x000000008e300000| Untracked |  0
|  76|0x000000008e400000, 0x000000008e400000, 0x000000008e500000|  0%| F|  |TAMS 0x000000008e400000| PB 0x000000008e400000| Untracked |  0
|  77|0x000000008e500000, 0x000000008e500000, 0x000000008e600000|  0%| F|  |TAMS 0x000000008e500000| PB 0x000000008e500000| Untracked |  0
|  78|0x000000008e600000, 0x000000008e600000, 0x000000008e700000|  0%| F|  |TAMS 0x000000008e600000| PB 0x000000008e600000| Untracked |  0
|  79|0x000000008e700000, 0x000000008e700000, 0x000000008e800000|  0%| F|  |TAMS 0x000000008e700000| PB 0x000000008e700000| Untracked |  0
|  80|0x000000008e800000, 0x000000008e800000, 0x000000008e900000|  0%| F|  |TAMS 0x000000008e800000| PB 0x000000008e800000| Untracked |  0
|  81|0x000000008e900000, 0x000000008e900000, 0x000000008ea00000|  0%| F|  |TAMS 0x000000008e900000| PB 0x000000008e900000| Untracked |  0
|  82|0x000000008ea00000, 0x000000008ea00000, 0x000000008eb00000|  0%| F|  |TAMS 0x000000008ea00000| PB 0x000000008ea00000| Untracked |  0
|  83|0x000000008eb00000, 0x000000008eb00000, 0x000000008ec00000|  0%| F|  |TAMS 0x000000008eb00000| PB 0x000000008eb00000| Untracked |  0
|  84|0x000000008ec00000, 0x000000008ec00000, 0x000000008ed00000|  0%| F|  |TAMS 0x000000008ec00000| PB 0x000000008ec00000| Untracked |  0
|  85|0x000000008ed00000, 0x000000008ed00000, 0x000000008ee00000|  0%| F|  |TAMS 0x000000008ed00000| PB 0x000000008ed00000| Untracked |  0
|  86|0x000000008ee00000, 0x000000008ee00000, 0x000000008ef00000|  0%| F|  |TAMS 0x000000008ee00000| PB 0x000000008ee00000| Untracked |  0
|  87|0x000000008ef00000, 0x000000008ef00000, 0x000000008f000000|  0%| F|  |TAMS 0x000000008ef00000| PB 0x000000008ef00000| Untracked |  0
|  88|0x000000008f000000, 0x000000008f000000, 0x000000008f100000|  0%| F|  |TAMS 0x000000008f000000| PB 0x000000008f000000| Untracked |  0
|  89|0x000000008f100000, 0x000000008f100000, 0x000000008f200000|  0%| F|  |TAMS 0x000000008f100000| PB 0x000000008f100000| Untracked |  0
|  90|0x000000008f200000, 0x000000008f200000, 0x000000008f300000|  0%| F|  |TAMS 0x000000008f200000| PB 0x000000008f200000| Untracked |  0
|  91|0x000000008f300000, 0x000000008f300000, 0x000000008f400000|  0%| F|  |TAMS 0x000000008f300000| PB 0x000000008f300000| Untracked |  0
|  92|0x000000008f400000, 0x000000008f400000, 0x000000008f500000|  0%| F|  |TAMS 0x000000008f400000| PB 0x000000008f400000| Untracked |  0
|  93|0x000000008f500000, 0x000000008f500000, 0x000000008f600000|  0%| F|  |TAMS 0x000000008f500000| PB 0x000000008f500000| Untracked |  0
|  94|0x000000008f600000, 0x000000008f600000, 0x000000008f700000|  0%| F|  |TAMS 0x000000008f600000| PB 0x000000008f600000| Untracked |  0
|  95|0x000000008f700000, 0x000000008f700000, 0x000000008f800000|  0%| F|  |TAMS 0x000000008f700000| PB 0x000000008f700000| Untracked |  0
|  96|0x000000008f800000, 0x000000008f800000, 0x000000008f900000|  0%| F|  |TAMS 0x000000008f800000| PB 0x000000008f800000| Untracked |  0
|  97|0x000000008f900000, 0x000000008f900000, 0x000000008fa00000|  0%| F|  |TAMS 0x000000008f900000| PB 0x000000008f900000| Untracked |  0
|  98|0x000000008fa00000, 0x000000008fa00000, 0x000000008fb00000|  0%| F|  |TAMS 0x000000008fa00000| PB 0x000000008fa00000| Untracked |  0
|  99|0x000000008fb00000, 0x000000008fb00000, 0x000000008fc00000|  0%| F|  |TAMS 0x000000008fb00000| PB 0x000000008fb00000| Untracked |  0
| 100|0x000000008fc00000, 0x000000008fc00000, 0x000000008fd00000|  0%| F|  |TAMS 0x000000008fc00000| PB 0x000000008fc00000| Untracked |  0
| 101|0x000000008fd00000, 0x000000008fd00000, 0x000000008fe00000|  0%| F|  |TAMS 0x000000008fd00000| PB 0x000000008fd00000| Untracked |  0
| 102|0x000000008fe00000, 0x000000008fe00000, 0x000000008ff00000|  0%| F|  |TAMS 0x000000008fe00000| PB 0x000000008fe00000| Untracked |  0
| 103|0x000000008ff00000, 0x000000008ff00000, 0x0000000090000000|  0%| F|  |TAMS 0x000000008ff00000| PB 0x000000008ff00000| Untracked |  0
| 104|0x0000000090000000, 0x0000000090000000, 0x0000000090100000|  0%| F|  |TAMS 0x0000000090000000| PB 0x0000000090000000| Untracked |  0
| 105|0x0000000090100000, 0x0000000090100000, 0x0000000090200000|  0%| F|  |TAMS 0x0000000090100000| PB 0x0000000090100000| Untracked |  0
| 106|0x0000000090200000, 0x0000000090200000, 0x0000000090300000|  0%| F|  |TAMS 0x0000000090200000| PB 0x0000000090200000| Untracked |  0
| 107|0x0000000090300000, 0x00000000903d3e68, 0x0000000090400000| 82%| S|CS|TAMS 0x0000000090300000| PB 0x0000000090300000| Complete |  0
| 108|0x0000000090400000, 0x0000000090500000, 0x0000000090500000|100%| S|CS|TAMS 0x0000000090400000| PB 0x0000000090400000| Complete |  0
| 109|0x0000000090500000, 0x0000000090500000, 0x0000000090600000|  0%| F|  |TAMS 0x0000000090500000| PB 0x0000000090500000| Untracked |  0
| 110|0x0000000090600000, 0x0000000090600000, 0x0000000090700000|  0%| F|  |TAMS 0x0000000090600000| PB 0x0000000090600000| Untracked |  0
| 111|0x0000000090700000, 0x0000000090700000, 0x0000000090800000|  0%| F|  |TAMS 0x0000000090700000| PB 0x0000000090700000| Untracked |  0
| 112|0x0000000090800000, 0x0000000090800000, 0x0000000090900000|  0%| F|  |TAMS 0x0000000090800000| PB 0x0000000090800000| Untracked |  0
| 113|0x0000000090900000, 0x0000000090900000, 0x0000000090a00000|  0%| F|  |TAMS 0x0000000090900000| PB 0x0000000090900000| Untracked |  0
| 114|0x0000000090a00000, 0x0000000090a00000, 0x0000000090b00000|  0%| F|  |TAMS 0x0000000090a00000| PB 0x0000000090a00000| Untracked |  0
| 115|0x0000000090b00000, 0x0000000090b00000, 0x0000000090c00000|  0%| F|  |TAMS 0x0000000090b00000| PB 0x0000000090b00000| Untracked |  0
| 116|0x0000000090c00000, 0x0000000090c00000, 0x0000000090d00000|  0%| F|  |TAMS 0x0000000090c00000| PB 0x0000000090c00000| Untracked |  0
| 117|0x0000000090d00000, 0x0000000090d00000, 0x0000000090e00000|  0%| F|  |TAMS 0x0000000090d00000| PB 0x0000000090d00000| Untracked |  0
| 118|0x0000000090e00000, 0x0000000090e00000, 0x0000000090f00000|  0%| F|  |TAMS 0x0000000090e00000| PB 0x0000000090e00000| Untracked |  0
| 119|0x0000000090f00000, 0x0000000090f00000, 0x0000000091000000|  0%| F|  |TAMS 0x0000000090f00000| PB 0x0000000090f00000| Untracked |  0

Card table byte_map: [0x0000023231750000,0x0000023231b10000] _byte_map_base: 0x0000023231304000

Marking Bits: (CMBitMap*) 0x0000023223fddff0
 Bits: [0x0000023231b10000, 0x00000232338b0000)

Polling page: 0x0000023223c90000

Metaspace:

Usage:
  Non-class:     10.44 MB used.
      Class:      1.63 MB used.
       Both:     12.07 MB used.

Virtual space:
  Non-class space:       64.00 MB reserved,      10.69 MB ( 17%) committed,  1 nodes.
      Class space:        1.00 GB reserved,       1.81 MB ( <1%) committed,  1 nodes.
             Both:        1.06 GB reserved,      12.50 MB (  1%) committed. 

Chunk freelists:
   Non-Class:  5.02 MB
       Class:  14.08 MB
        Both:  19.09 MB

MaxMetaspaceSize: unlimited
CompressedClassSpaceSize: 1.00 GB
Initial GC threshold: 21.00 MB
Current GC threshold: 21.00 MB
CDS: on
 - commit_granule_bytes: 65536.
 - commit_granule_words: 8192.
 - virtual_space_node_default_size: 8388608.
 - enlarge_chunks_in_place: 1.
 - use_allocation_guard: 0.


Internal statistics:

num_allocs_failed_limit: 0.
num_arena_births: 480.
num_arena_deaths: 0.
num_vsnodes_births: 2.
num_vsnodes_deaths: 0.
num_space_committed: 200.
num_space_uncommitted: 0.
num_chunks_returned_to_freelist: 0.
num_chunks_taken_from_freelist: 840.
num_chunk_merges: 0.
num_chunk_splits: 515.
num_chunks_enlarged: 297.
num_inconsistent_stats: 0.

CodeCache: size=49152Kb used=6347Kb max_used=6347Kb free=42804Kb
 bounds [0x000002322d8f0000, 0x000002322df30000, 0x00000232308f0000]
 total_blobs=2807 nmethods=2300 adapters=428
 compilation: enabled
              stopped_count=0, restarted_count=0
 full_count=0

Compilation events (20 events):
Event: 5.556 Thread 0x00000232368bfbf0 nmethod 2292 0x000002322df20790 code [0x000002322df20920, 0x000002322df20a60]
Event: 5.557 Thread 0x00000232366f2250 nmethod 2293 0x000002322df20b10 code [0x000002322df20ca0, 0x000002322df20db8]
Event: 5.557 Thread 0x00000232366f2250 2294       1       java.lang.invoke.DirectMethodHandle$Holder::invokeStatic (20 bytes)
Event: 5.557 Thread 0x00000232366f2250 nmethod 2294 0x000002322df20e10 code [0x000002322df20fc0, 0x000002322df210e8]
Event: 5.557 Thread 0x00000232366f2250 2295       1       org.springframework.boot.context.properties.source.SpringIterableConfigurationPropertySource::getSystemEnvironmentProperty (9 bytes)
Event: 5.557 Thread 0x000002323675c280 2296       1       org.springframework.boot.context.properties.source.SpringIterableConfigurationPropertySource$Cache::getSystemEnvironmentProperty (46 bytes)
Event: 5.557 Thread 0x00000232368bfbf0 2297       1       org.springframework.boot.context.properties.source.SpringIterableConfigurationPropertySource::getConfigurationProperty (91 bytes)
Event: 5.557 Thread 0x000002323651b620 2298       1       java.util.concurrent.ConcurrentHashMap$KeySpliterator::characteristics (4 bytes)
Event: 5.558 Thread 0x000002323675c280 nmethod 2296 0x000002322df21210 code [0x000002322df213e0, 0x000002322df21658]
Event: 5.558 Thread 0x000002323651b620 nmethod 2298 0x000002322df21790 code [0x000002322df21920, 0x000002322df219e8]
Event: 5.558 Thread 0x000002323675c280 2300       1       java.util.stream.SpinedBuffer::ensureCapacity (138 bytes)
Event: 5.558 Thread 0x00000232366f2250 nmethod 2295 0x000002322df21a90 code [0x000002322df21c60, 0x000002322df21f40]
Event: 5.558 Thread 0x00000232366f2250 2299       1       org.springframework.boot.context.properties.source.SpringIterableConfigurationPropertySource$Cache::getMapped (36 bytes)
Event: 5.558 Thread 0x000002323651b620 2301       1       java.util.concurrent.CopyOnWriteArrayList$COWIterator::<init> (15 bytes)
Event: 5.558 Thread 0x000002323651b620 nmethod 2301 0x000002322df22190 code [0x000002322df22320, 0x000002322df22438]
Event: 5.558 Thread 0x00000232366f2250 nmethod 2299 0x000002322df22490 code [0x000002322df22640, 0x000002322df22860]
Event: 5.558 Thread 0x00000232366f2250 2302       1       org.apache.commons.logging.impl.Slf4jLogFactory::access$000 (4 bytes)
Event: 5.558 Thread 0x000002323651b620 2303       1       ch.qos.logback.classic.LoggerContext::getTurboFilterChainDecision_0_3OrMore (31 bytes)
Event: 5.558 Thread 0x00000232366f2250 nmethod 2302 0x000002322df22990 code [0x000002322df22b20, 0x000002322df22bd0]
Event: 5.558 Thread 0x00000232366f2250 2304   !   1       ch.qos.logback.classic.spi.TurboFilterList::getTurboFilterChainDecision (122 bytes)

GC Heap History (9 events):
Event: 3.651 GC heap before
{Heap before GC invocations=0 (full 0):
 garbage-first heap   total reserved 1941504K, committed 122880K, used 25600K [0x0000000089800000, 0x0000000100000000)
  region size 1024K, 24 young (24576K), 0 survivors (0K)
 Metaspace       used 6877K, committed 7168K, reserved 1114112K
  class space    used 854K, committed 960K, reserved 1048576K
}
Event: 4.666 GC heap after
{Heap after GC invocations=1 (full 0):
 garbage-first heap   total reserved 1941504K, committed 122880K, used 8512K [0x0000000089800000, 0x0000000100000000)
  region size 1024K, 3 young (3072K), 3 survivors (3072K)
 Metaspace       used 6877K, committed 7168K, reserved 1114112K
  class space    used 854K, committed 960K, reserved 1048576K
}
Event: 4.762 GC heap before
{Heap before GC invocations=1 (full 0):
 garbage-first heap   total reserved 1941504K, committed 122880K, used 11584K [0x0000000089800000, 0x0000000100000000)
  region size 1024K, 6 young (6144K), 3 survivors (3072K)
 Metaspace       used 7393K, committed 7744K, reserved 1114112K
  class space    used 936K, committed 1088K, reserved 1048576K
}
Event: 4.767 GC heap after
{Heap after GC invocations=2 (full 0):
 garbage-first heap   total reserved 1941504K, committed 122880K, used 9073K [0x0000000089800000, 0x0000000100000000)
  region size 1024K, 1 young (1024K), 1 survivors (1024K)
 Metaspace       used 7393K, committed 7744K, reserved 1114112K
  class space    used 936K, committed 1088K, reserved 1048576K
}
Event: 4.973 GC heap before
{Heap before GC invocations=2 (full 0):
 garbage-first heap   total reserved 1941504K, committed 122880K, used 14193K [0x0000000089800000, 0x0000000100000000)
  region size 1024K, 6 young (6144K), 1 survivors (1024K)
 Metaspace       used 8638K, committed 8960K, reserved 1114112K
  class space    used 1116K, committed 1280K, reserved 1048576K
}
Event: 4.976 GC heap after
{Heap after GC invocations=3 (full 0):
 garbage-first heap   total reserved 1941504K, committed 122880K, used 9503K [0x0000000089800000, 0x0000000100000000)
  region size 1024K, 1 young (1024K), 1 survivors (1024K)
 Metaspace       used 8638K, committed 8960K, reserved 1114112K
  class space    used 1116K, committed 1280K, reserved 1048576K
}
Event: 5.178 GC heap before
{Heap before GC invocations=3 (full 0):
 garbage-first heap   total reserved 1941504K, committed 122880K, used 14623K [0x0000000089800000, 0x0000000100000000)
  region size 1024K, 6 young (6144K), 1 survivors (1024K)
 Metaspace       used 10110K, committed 10496K, reserved 1114112K
  class space    used 1320K, committed 1472K, reserved 1048576K
}
Event: 5.182 GC heap after
{Heap after GC invocations=4 (full 0):
 garbage-first heap   total reserved 1941504K, committed 122880K, used 9907K [0x0000000089800000, 0x0000000100000000)
  region size 1024K, 1 young (1024K), 1 survivors (1024K)
 Metaspace       used 10110K, committed 10496K, reserved 1114112K
  class space    used 1320K, committed 1472K, reserved 1048576K
}
Event: 5.559 GC heap before
{Heap before GC invocations=4 (full 0):
 garbage-first heap   total reserved 1941504K, committed 122880K, used 19123K [0x0000000089800000, 0x0000000100000000)
  region size 1024K, 11 young (11264K), 1 survivors (1024K)
 Metaspace       used 12360K, committed 12800K, reserved 1114112K
  class space    used 1673K, committed 1856K, reserved 1048576K
}

Dll operation events (12 events):
Event: 0.049 Loaded shared library C:\Program Files\Java\jdk-22\bin\java.dll
Event: 0.255 Loaded shared library C:\Program Files\Java\jdk-22\bin\zip.dll
Event: 0.259 Loaded shared library C:\Program Files\java\jdk-22\bin\instrument.dll
Event: 0.264 Loaded shared library C:\Program Files\java\jdk-22\bin\net.dll
Event: 0.265 Loaded shared library C:\Program Files\java\jdk-22\bin\nio.dll
Event: 0.269 Loaded shared library C:\Program Files\java\jdk-22\bin\zip.dll
Event: 0.329 Loaded shared library C:\Program Files\java\jdk-22\bin\jimage.dll
Event: 0.480 Loaded shared library C:\Program Files\JetBrains\IntelliJ IDEA 2024.2\bin\breakgen64.dll
Event: 0.501 Loaded shared library C:\Program Files\java\jdk-22\bin\extnet.dll
Event: 0.526 Loaded shared library C:\Program Files\java\jdk-22\bin\management.dll
Event: 0.551 Loaded shared library C:\Program Files\java\jdk-22\bin\management_ext.dll
Event: 5.485 Loaded shared library C:\Program Files\java\jdk-22\bin\le.dll

Deoptimization events (0 events):
No events

Classes loaded (20 events):
Event: 5.527 Loading class java/nio/charset/MalformedInputException
Event: 5.528 Loading class java/nio/charset/MalformedInputException done
Event: 5.529 Loading class java/nio/charset/UnmappableCharacterException
Event: 5.529 Loading class java/nio/charset/UnmappableCharacterException done
Event: 5.529 Loading class java/io/FileReader
Event: 5.529 Loading class java/io/FileReader done
Event: 5.529 Loading class java/io/BufferedReader$1
Event: 5.529 Loading class java/io/BufferedReader$1 done
Event: 5.533 Loading class java/util/regex/Pattern$BnM
Event: 5.533 Loading class java/util/regex/Pattern$BnM done
Event: 5.548 Loading class java/util/regex/Pattern$Loop
Event: 5.549 Loading class java/util/regex/Pattern$Loop done
Event: 5.549 Loading class java/util/regex/Pattern$Prolog
Event: 5.549 Loading class java/util/regex/Pattern$Prolog done
Event: 5.552 Loading class java/io/ProxyingConsole
Event: 5.552 Loading class java/io/ProxyingConsole done
Event: 5.552 Loading class java/io/Console$1
Event: 5.552 Loading class jdk/internal/access/JavaIOAccess
Event: 5.552 Loading class jdk/internal/access/JavaIOAccess done
Event: 5.552 Loading class java/io/Console$1 done

Classes unloaded (0 events):
No events

Classes redefined (0 events):
No events

Internal exceptions (20 events):
Event: 5.360 Thread 0x0000023223aeff50 Exception <a 'java/lang/NoSuchMethodError'{0x0000000090917c10}: 'int java.lang.invoke.DirectMethodHandle$Holder.invokeStaticInit(java.lang.Object, long, long)'> (0x0000000090917c10) 
thrown [s\open\src\hotspot\share\interpreter\linkResolver.cpp, line 774]
Event: 5.361 Thread 0x0000023223aeff50 Exception <a 'java/lang/NoSuchMethodError'{0x000000009091e688}: 'int java.lang.invoke.DirectMethodHandle$Holder.invokeStaticInit(java.lang.Object, float, float)'> (0x000000009091e688) 
thrown [s\open\src\hotspot\share\interpreter\linkResolver.cpp, line 774]
Event: 5.361 Thread 0x0000023223aeff50 Exception <a 'java/lang/NoSuchMethodError'{0x00000000909250f8}: 'int java.lang.invoke.DirectMethodHandle$Holder.invokeStaticInit(java.lang.Object, double, double)'> (0x00000000909250f8) 
thrown [s\open\src\hotspot\share\interpreter\linkResolver.cpp, line 774]
Event: 5.361 Thread 0x0000023223aeff50 Exception <a 'java/lang/NoSuchMethodError'{0x0000000090929570}: 'int java.lang.invoke.DirectMethodHandle$Holder.invokeStatic(java.lang.Object, long)'> (0x0000000090929570) 
thrown [s\open\src\hotspot\share\interpreter\linkResolver.cpp, line 774]
Event: 5.364 Thread 0x0000023223aeff50 Exception <a 'java/lang/NoSuchMethodError'{0x000000009094acb8}: 'int java.lang.invoke.Invokers$Holder.linkToTargetMethod(java.lang.Object, java.lang.Object)'> (0x000000009094acb8) 
thrown [s\open\src\hotspot\share\interpreter\linkResolver.cpp, line 774]
Event: 5.381 Thread 0x0000023223aeff50 Exception <a 'java/lang/NoSuchMethodError'{0x00000000909c4db8}: 'java.lang.Object java.lang.invoke.DirectMethodHandle$Holder.invokeSpecial(java.lang.Object, java.lang.Object, java.lang.Object, int, java.lang.Object)'> (0x00000000909c4db8) 
thrown [s\open\src\hotspot\share\interpreter\linkResolver.cpp, line 774]
Event: 5.381 Thread 0x0000023223aeff50 Exception <a 'java/lang/NoSuchMethodError'{0x00000000909cc760}: 'java.lang.Object java.lang.invoke.DirectMethodHandle$Holder.newInvokeSpecial(java.lang.Object, java.lang.Object, java.lang.Object, int, java.lang.Object)'> (0x00000000909cc760) 
thrown [s\open\src\hotspot\share\interpreter\linkResolver.cpp, line 774]
Event: 5.382 Thread 0x0000023223aeff50 Exception <a 'java/lang/NoSuchMethodError'{0x00000000909d3d18}: 'java.lang.Object java.lang.invoke.Invokers$Holder.linkToTargetMethod(java.lang.Object, java.lang.Object, int, java.lang.Object, java.lang.Object)'> (0x00000000909d3d18) 
thrown [s\open\src\hotspot\share\interpreter\linkResolver.cpp, line 774]
Event: 5.383 Thread 0x0000023223aeff50 Exception <a 'java/lang/NoSuchMethodError'{0x00000000909e2900}: 'java.lang.Object java.lang.invoke.DirectMethodHandle$Holder.newInvokeSpecial(java.lang.Object, int, java.lang.Object)'> (0x00000000909e2900) 
thrown [s\open\src\hotspot\share\interpreter\linkResolver.cpp, line 774]
Event: 5.383 Thread 0x0000023223aeff50 Exception <a 'java/lang/NoSuchMethodError'{0x00000000909e6740}: 'int java.lang.invoke.DirectMethodHandle$Holder.invokeSpecialIFC(java.lang.Object, java.lang.Object, java.lang.Object, java.lang.Object)'> (0x00000000909e6740) 
thrown [s\open\src\hotspot\share\interpreter\linkResolver.cpp, line 774]
Event: 5.405 Thread 0x0000023223aeff50 Exception <a 'java/lang/NoSuchMethodError'{0x0000000090888f08}: 'void java.lang.invoke.DirectMethodHandle$Holder.invokeInterface(java.lang.Object, java.lang.Object, java.lang.Object)'> (0x0000000090888f08) 
thrown [s\open\src\hotspot\share\interpreter\linkResolver.cpp, line 774]
Event: 5.424 Thread 0x0000023223aeff50 Exception <a 'java/lang/NoSuchMethodError'{0x00000000908fc780}: 'java.lang.Object java.lang.invoke.DirectMethodHandle$Holder.invokeVirtual(java.lang.Object, java.lang.Object, java.lang.Object)'> (0x00000000908fc780) 
thrown [s\open\src\hotspot\share\interpreter\linkResolver.cpp, line 774]
Event: 5.451 Thread 0x0000023223aeff50 Exception <a 'java/lang/NoSuchMethodError'{0x00000000907cc700}: 'void java.lang.invoke.DirectMethodHandle$Holder.invokeStatic(java.lang.Object, java.lang.Object, int)'> (0x00000000907cc700) 
thrown [s\open\src\hotspot\share\interpreter\linkResolver.cpp, line 774]
Event: 5.455 Thread 0x0000023223aeff50 Exception <a 'java/lang/NoSuchMethodError'{0x00000000907de970}: 'void java.lang.invoke.DirectMethodHandle$Holder.invokeStaticInit(java.lang.Object, java.lang.Object, java.lang.Object)'> (0x00000000907de970) 
thrown [s\open\src\hotspot\share\interpreter\linkResolver.cpp, line 774]
Event: 5.461 Thread 0x0000023223aeff50 Exception <a 'java/lang/NoSuchMethodError'{0x0000000090621638}: 'java.lang.Object java.lang.invoke.DirectMethodHandle$Holder.invokeStaticInit(java.lang.Object, int)'> (0x0000000090621638) 
thrown [s\open\src\hotspot\share\interpreter\linkResolver.cpp, line 774]
Event: 5.464 Thread 0x0000023223aeff50 Exception <a 'java/lang/NoSuchMethodError'{0x000000009062bd58}: 'java.lang.Object java.lang.invoke.DirectMethodHandle$Holder.invokeStaticInit(java.lang.Object, int, java.lang.Object)'> (0x000000009062bd58) 
thrown [s\open\src\hotspot\share\interpreter\linkResolver.cpp, line 774]
Event: 5.477 Thread 0x0000023223aeff50 Exception <a 'sun/nio/fs/WindowsException'{0x0000000090646960}> (0x0000000090646960) 
thrown [s\open\src\hotspot\share\prims\jni.cpp, line 520]
Event: 5.487 Thread 0x0000023223aeff50 Exception <a 'jdk/internal/org/jline/terminal/impl/jna/LastErrorException'{0x0000000090653050}> (0x0000000090653050) 
thrown [s\open\src\hotspot\share\prims\jni.cpp, line 520]
Event: 5.487 Thread 0x0000023223aeff50 Exception <a 'jdk/internal/org/jline/terminal/impl/jna/LastErrorException'{0x00000000906539c0}> (0x00000000906539c0) 
thrown [s\open\src\hotspot\share\prims\jni.cpp, line 520]
Event: 5.487 Thread 0x0000023223aeff50 Exception <a 'jdk/internal/org/jline/terminal/impl/jna/LastErrorException'{0x00000000906542e0}> (0x00000000906542e0) 
thrown [s\open\src\hotspot\share\prims\jni.cpp, line 520]

ZGC Phase Switch (0 events):
No events

VM Operations (20 events):
Event: 2.548 Executing VM operation: HandshakeAllThreads (Deoptimize) done
Event: 2.551 Executing VM operation: HandshakeAllThreads (Deoptimize)
Event: 2.551 Executing VM operation: HandshakeAllThreads (Deoptimize) done
Event: 2.614 Executing VM operation: HandshakeAllThreads (Deoptimize)
Event: 2.614 Executing VM operation: HandshakeAllThreads (Deoptimize) done
Event: 3.620 Executing VM operation: Cleanup
Event: 3.621 Executing VM operation: Cleanup done
Event: 3.650 Executing VM operation: G1CollectForAllocation (G1 Evacuation Pause)
Event: 4.666 Executing VM operation: G1CollectForAllocation (G1 Evacuation Pause) done
Event: 4.680 Executing VM operation: HandshakeAllThreads (Deoptimize)
Event: 4.680 Executing VM operation: HandshakeAllThreads (Deoptimize) done
Event: 4.762 Executing VM operation: G1CollectForAllocation (G1 Evacuation Pause)
Event: 4.767 Executing VM operation: G1CollectForAllocation (G1 Evacuation Pause) done
Event: 4.973 Executing VM operation: G1CollectForAllocation (G1 Evacuation Pause)
Event: 4.976 Executing VM operation: G1CollectForAllocation (G1 Evacuation Pause) done
Event: 5.178 Executing VM operation: G1CollectForAllocation (G1 Evacuation Pause)
Event: 5.182 Executing VM operation: G1CollectForAllocation (G1 Evacuation Pause) done
Event: 5.528 Executing VM operation: HandshakeAllThreads (Deoptimize)
Event: 5.528 Executing VM operation: HandshakeAllThreads (Deoptimize) done
Event: 5.558 Executing VM operation: G1CollectForAllocation (G1 Evacuation Pause)

Events (20 events):
Event: 0.078 Thread 0x000002323651b620 Thread added: 0x000002323651b620
Event: 0.238 Thread 0x00000232364d97c0 Thread added: 0x00000232364d97c0
Event: 0.244 Thread 0x000002323675c280 Thread added: 0x000002323675c280
Event: 0.245 Thread 0x00000232366f2250 Thread added: 0x00000232366f2250
Event: 0.318 Thread 0x00000232368bfbf0 Thread added: 0x00000232368bfbf0
Event: 0.481 Thread 0x000002327c17b2f0 Thread added: 0x000002327c17b2f0
Event: 0.481 Thread 0x000002327c17f970 Thread added: 0x000002327c17f970
Event: 0.874 Thread 0x000002327c499c20 Thread added: 0x000002327c499c20
Event: 0.899 Thread 0x000002327c4bd540 Thread added: 0x000002327c4bd540
Event: 0.923 Thread 0x000002327c526230 Thread added: 0x000002327c526230
Event: 2.518 Thread 0x000002327c55c990 Thread added: 0x000002327c55c990
Event: 2.522 Thread 0x000002327c55d6f0 Thread added: 0x000002327c55d6f0
Event: 2.522 Thread 0x000002327c55dd60 Thread added: 0x000002327c55dd60
Event: 2.582 Thread 0x000002327c55d6f0 Thread exited: 0x000002327c55d6f0
Event: 3.622 Thread 0x000002327c5e5ed0 Thread added: 0x000002327c5e5ed0
Event: 3.635 Thread 0x000002327c5e5ed0 Thread exited: 0x000002327c5e5ed0
Event: 4.668 Thread 0x000002327c601cb0 Thread added: 0x000002327c601cb0
Event: 4.676 Thread 0x000002327c601cb0 Thread exited: 0x000002327c601cb0
Event: 5.183 Thread 0x000002327d42aa60 Thread added: 0x000002327d42aa60
Event: 5.190 Thread 0x000002327d42aa60 Thread exited: 0x000002327d42aa60


Dynamic libraries:
0x00007ff605780000 - 0x00007ff605790000 	C:\Program Files\Java\jdk-22\bin\java.exe
0x00007ffb30700000 - 0x00007ffb30967000 	C:\WINDOWS\SYSTEM32\ntdll.dll
0x00007ffb2f7a0000 - 0x00007ffb2f869000 	C:\WINDOWS\System32\KERNEL32.DLL
0x00007ffb2cfe0000 - 0x00007ffb2d3d1000 	C:\WINDOWS\System32\KERNELBASE.dll
0x00007ffb2d620000 - 0x00007ffb2d76b000 	C:\WINDOWS\System32\ucrtbase.dll
0x00007ffb13240000 - 0x00007ffb13257000 	C:\Program Files\Java\jdk-22\bin\jli.dll
0x00007ffb1d570000 - 0x00007ffb1d58b000 	C:\Program Files\Java\jdk-22\bin\VCRUNTIME140.dll
0x00007ffb2fbb0000 - 0x00007ffb2fc6b000 	C:\WINDOWS\System32\ADVAPI32.dll
0x00007ffb2ffe0000 - 0x00007ffb30089000 	C:\WINDOWS\System32\msvcrt.dll
0x00007ffb2e7c0000 - 0x00007ffb2e867000 	C:\WINDOWS\System32\sechost.dll
0x00007ffb2f990000 - 0x00007ffb2faa8000 	C:\WINDOWS\System32\RPCRT4.dll
0x00007ffb30090000 - 0x00007ffb30255000 	C:\WINDOWS\System32\USER32.dll
0x00007ffb2e470000 - 0x00007ffb2e497000 	C:\WINDOWS\System32\win32u.dll
0x00007ffb2f100000 - 0x00007ffb2f12b000 	C:\WINDOWS\System32\GDI32.dll
0x00007ffb2d770000 - 0x00007ffb2d89b000 	C:\WINDOWS\System32\gdi32full.dll
0x00007ffb1a930000 - 0x00007ffb1abc3000 	C:\WINDOWS\WinSxS\amd64_microsoft.windows.common-controls_6595b64144ccf1df_6.0.26100.8037_none_3e092faae333b53b\COMCTL32.dll
0x00007ffb2e3c0000 - 0x00007ffb2e463000 	C:\WINDOWS\System32\msvcp_win.dll
0x00007ffb25700000 - 0x00007ffb2570b000 	C:\WINDOWS\SYSTEM32\VERSION.dll
0x00007ffb2e870000 - 0x00007ffb2e8a1000 	C:\WINDOWS\System32\IMM32.DLL
0x00007ffb28820000 - 0x00007ffb2882c000 	C:\Program Files\Java\jdk-22\bin\vcruntime140_1.dll
0x00007ffac6170000 - 0x00007ffac61fe000 	C:\Program Files\Java\jdk-22\bin\msvcp140.dll
0x00007ffa738d0000 - 0x00007ffa74617000 	C:\Program Files\Java\jdk-22\bin\server\jvm.dll
0x00007ffb2e4a0000 - 0x00007ffb2e514000 	C:\WINDOWS\System32\WS2_32.dll
0x00007ffb2ce40000 - 0x00007ffb2ce9e000 	C:\WINDOWS\SYSTEM32\POWRPROF.dll
0x00007ffb24130000 - 0x00007ffb24165000 	C:\WINDOWS\SYSTEM32\WINMM.dll
0x00007ffb2ce20000 - 0x00007ffb2ce34000 	C:\WINDOWS\SYSTEM32\UMPDC.dll
0x00007ffb2bd30000 - 0x00007ffb2bd4b000 	C:\WINDOWS\SYSTEM32\kernel.appcore.dll
0x00007ffb1d800000 - 0x00007ffb1d80a000 	C:\Program Files\Java\jdk-22\bin\jimage.dll
0x00007ffb233c0000 - 0x00007ffb23602000 	C:\WINDOWS\SYSTEM32\DBGHELP.DLL
0x00007ffb30320000 - 0x00007ffb306a2000 	C:\WINDOWS\System32\combase.dll
0x00007ffb2fdf0000 - 0x00007ffb2fec7000 	C:\WINDOWS\System32\OLEAUT32.dll
0x00007ffb1a8f0000 - 0x00007ffb1a92b000 	C:\WINDOWS\SYSTEM32\dbgcore.DLL
0x00007ffb2d8a0000 - 0x00007ffb2d945000 	C:\WINDOWS\System32\bcryptPrimitives.dll
0x00007ffb10530000 - 0x00007ffb1053f000 	C:\Program Files\Java\jdk-22\bin\instrument.dll
0x00007ffb0ef90000 - 0x00007ffb0efae000 	C:\Program Files\Java\jdk-22\bin\java.dll
0x00007ffb2e910000 - 0x00007ffb2f06f000 	C:\WINDOWS\System32\SHELL32.dll
0x00007ffb2e250000 - 0x00007ffb2e3ba000 	C:\WINDOWS\System32\wintypes.dll
0x00007ffb2e520000 - 0x00007ffb2e6b5000 	C:\WINDOWS\System32\ole32.dll
0x00007ffb2d9e0000 - 0x00007ffb2e244000 	C:\WINDOWS\System32\windows.storage.dll
0x00007ffb2fab0000 - 0x00007ffb2fba7000 	C:\WINDOWS\System32\SHCORE.dll
0x00007ffb2e6f0000 - 0x00007ffb2e757000 	C:\WINDOWS\System32\shlwapi.dll
0x00007ffb2cf00000 - 0x00007ffb2cf29000 	C:\WINDOWS\SYSTEM32\profapi.dll
0x00007ffb00e10000 - 0x00007ffb00e27000 	C:\Program Files\Java\jdk-22\bin\zip.dll
0x00007ffb0fc90000 - 0x00007ffb0fca0000 	C:\Program Files\java\jdk-22\bin\net.dll
0x00007ffb2c280000 - 0x00007ffb2c2eb000 	C:\WINDOWS\system32\mswsock.dll
0x00007ffb0ef70000 - 0x00007ffb0ef86000 	C:\Program Files\java\jdk-22\bin\nio.dll
0x00007ffaf0910000 - 0x00007ffaf092a000 	C:\Program Files\JetBrains\IntelliJ IDEA 2024.2\bin\breakgen64.dll
0x00007ffb2b760000 - 0x00007ffb2b88a000 	C:\WINDOWS\SYSTEM32\DNSAPI.dll
0x00007ffb2b640000 - 0x00007ffb2b673000 	C:\WINDOWS\SYSTEM32\IPHLPAPI.DLL
0x00007ffb2f870000 - 0x00007ffb2f87a000 	C:\WINDOWS\System32\NSI.dll
0x00007ffb25710000 - 0x00007ffb2571b000 	C:\Windows\System32\rasadhlp.dll
0x00007ffb23330000 - 0x00007ffb233b6000 	C:\WINDOWS\System32\fwpuclnt.dll
0x00007ffaeffc0000 - 0x00007ffaeffc9000 	C:\Program Files\java\jdk-22\bin\extnet.dll
0x00007ffb07210000 - 0x00007ffb0721a000 	C:\Program Files\java\jdk-22\bin\management.dll
0x00007ffb06760000 - 0x00007ffb0676b000 	C:\Program Files\java\jdk-22\bin\management_ext.dll
0x00007ffb2f880000 - 0x00007ffb2f888000 	C:\WINDOWS\System32\PSAPI.DLL
0x00007ffb2c680000 - 0x00007ffb2c69b000 	C:\WINDOWS\SYSTEM32\CRYPTSP.dll
0x00007ffb2bc90000 - 0x00007ffb2bcc9000 	C:\WINDOWS\system32\rsaenh.dll
0x00007ffb2c330000 - 0x00007ffb2c362000 	C:\WINDOWS\SYSTEM32\USERENV.dll
0x00007ffb2ced0000 - 0x00007ffb2cefa000 	C:\WINDOWS\SYSTEM32\bcrypt.dll
0x00007ffb2c4e0000 - 0x00007ffb2c4ec000 	C:\WINDOWS\SYSTEM32\CRYPTBASE.dll
0x00007ffb12400000 - 0x00007ffb12418000 	C:\WINDOWS\system32\napinsp.dll
0x00007ffb123e0000 - 0x00007ffb123f2000 	C:\WINDOWS\System32\winrnr.dll
0x00007ffb123b0000 - 0x00007ffb123d2000 	C:\WINDOWS\system32\nlansp_c.dll
0x00007ffb25580000 - 0x00007ffb25596000 	C:\WINDOWS\system32\wshbth.dll
0x00007ffb19590000 - 0x00007ffb195e6000 	C:\WINDOWS\SYSTEM32\pdh.dll
0x00007ffaeffb0000 - 0x00007ffaeffbb000 	C:\Program Files\java\jdk-22\bin\le.dll

dbghelp: loaded successfully - version: 4.0.5 - missing functions: none
symbol engine: initialized successfully - sym options: 0x614 - pdb path: .;C:\Program Files\Java\jdk-22\bin;C:\WINDOWS\SYSTEM32;C:\WINDOWS\WinSxS\amd64_microsoft.windows.common-controls_6595b64144ccf1df_6.0.26100.8037_none_3e092faae333b53b;C:\Program Files\Java\jdk-22\bin\server;C:\Program Files\JetBrains\IntelliJ IDEA 2024.2\bin

VM Arguments:
jvm_args: -XX:TieredStopAtLevel=1 -Dspring.output.ansi.enabled=always -Dcom.sun.management.jmxremote -Dspring.jmx.enabled=true -Dspring.liveBeansView.mbeanDomain -Dspring.application.admin.enabled=true -Dmanagement.endpoints.jmx.exposure.include=* -javaagent:C:\Program Files\JetBrains\IntelliJ IDEA 2024.2\lib\idea_rt.jar=54326:C:\Program Files\JetBrains\IntelliJ IDEA 2024.2\bin -Dfile.encoding=UTF-8 -Dsun.stdout.encoding=UTF-8 -Dsun.stderr.encoding=UTF-8 
java_command: com.hmtravels.agency.AgencyApplication
java_class_path (initial): C:\Users\haziq\Desktop\Travelling Agency\agency\agency\target\classes;C:\Users\haziq\.m2\repository\org\springframework\boot\spring-boot-starter-data-jpa\4.0.3\spring-boot-starter-data-jpa-4.0.3.jar;C:\Users\haziq\.m2\repository\org\springframework\boot\spring-boot-starter\4.0.3\spring-boot-starter-4.0.3.jar;C:\Users\haziq\.m2\repository\org\springframework\boot\spring-boot-starter-logging\4.0.3\spring-boot-starter-logging-4.0.3.jar;C:\Users\haziq\.m2\repository\ch\qos\logback\logback-classic\1.5.32\logback-classic-1.5.32.jar;C:\Users\haziq\.m2\repository\ch\qos\logback\logback-core\1.5.32\logback-core-1.5.32.jar;C:\Users\haziq\.m2\repository\org\apache\logging\log4j\log4j-to-slf4j\2.25.3\log4j-to-slf4j-2.25.3.jar;C:\Users\haziq\.m2\repository\org\apache\logging\log4j\log4j-api\2.25.3\log4j-api-2.25.3.jar;C:\Users\haziq\.m2\repository\org\slf4j\jul-to-slf4j\2.0.17\jul-to-slf4j-2.0.17.jar;C:\Users\haziq\.m2\repository\org\springframework\boot\spring-boot-autoconfigure\4.0.3\spring-boot-autoconfigure-4.0.3.jar;C:\Users\haziq\.m2\repository\jakarta\annotation\jakarta.annotation-api\3.0.0\jakarta.annotation-api-3.0.0.jar;C:\Users\haziq\.m2\repository\org\yaml\snakeyaml\2.5\snakeyaml-2.5.jar;C:\Users\haziq\.m2\repository\org\springframework\boot\spring-boot-starter-jdbc\4.0.3\spring-boot-starter-jdbc-4.0.3.jar;C:\Users\haziq\.m2\repository\com\zaxxer\HikariCP\7.0.2\HikariCP-7.0.2.jar;C:\Users\haziq\.m2\repository\org\springframework\boot\spring-boot-data-jpa\4.0.3\spring-boot-data-jpa-4.0.3.jar;C:\Users\haziq\.m2\repository\org\springframework\boot\spring-boot-data-commons\4.0.3\spring-boot-data-commons-4.0.3.jar;C:\Users\haziq\.m2\repository\org\springframework\boot\spring-boot-persistence\4.0.3\spring-boot-persistence-4.0.3.jar;C:\Users\haziq\.m2\repository\org\springframework\data\spring-data-commons\4.0.3\spring-data-commons-4.0.3.jar;C:\Users\haziq\.m2\repository\org\springframework\boot\spring-boot-hibernate\4.0.3\spring-boot-hibernate-4.0.3.jar;C:\Users\haziq\.m2\repository\org\springframework\boot\spring-boot-jpa\4.0.3\spring-boot-jpa-4.0.3.jar;C:\Users\haziq\.m2\repository\jakarta\persistence\jakarta.persistence-api\3.2.0\jakarta.persistence-api-3.2.0.jar;C:\Users\haziq\.m2\repository\org\hibernate\orm\hibernate-core\7.2.4.Final\hibernate-core-7.2.4.Final.jar;C:\Users\haziq\.m2\repository\jakarta\transaction\jakarta.transaction-api\2.0.1\jakarta.transaction-api-2.0.1.jar;C:\Users\haziq\.m2\repository\org\hibernate\models\hibernate-models\1.0.1\hibernate-models-1.0.1.jar;C:\Users\haziq\.m2\repository\org\glassfish\jaxb\jaxb-runtime\4.0.6\jaxb-runtime-4.0.6.jar;C:\Users\haziq\.m2\repository\org\glassfish\jaxb\jaxb-core\4.0.6\jaxb-core-4.0.6.jar;C:\Users\haziq\.m2\repository\org\eclipse\angus\angus-activation\2.0.3\angus-activation-2.0.3.jar;C:\Users\haziq\.m2\repository\org\glassfish\jaxb\txw2\4.0.6\txw2-4.0.6.jar;C:\Users\haziq\.m2\repository\com\sun\istack\istack-commons-runtime\4.1.2\istack-commons-runtime-4.1.2.jar;C:\Users\haziq\.m2\repository\jakarta\inject\jakarta.inject-api\2.0.1\jakarta.inject-api-2.0.1.jar;C:\Users\haziq\.m2\repository\org\springframework\spring-orm\7.0.5\spring-orm-7.0.5.jar;C:\Users\haziq\.m2\repository\org\springframework\data\spring-data-jpa\4.0.3\spring-data-jpa-4.0.3.jar;C:\Users\haziq\.m2\repository\org\springframework\spring-context\7.0.5\spring-context-7.0.5.jar;C:\Users\haziq\.m2\repository\org\springframework\spring-tx\7.0.5\spring-tx-7.0.5.jar;C:\Users\haziq\.m2\repository\org\antlr\antlr4-runtime\4.13.2\antlr4-runtime-4.13.2.jar;C:\Users\haziq\.m2\repository\org\springframework\spring-aspects\7.0.5\spring-aspects-7.0.5.jar;C:\Users\haziq\.m2\repository\org\aspectj\aspectjweaver\1.9.25.1\aspectjweaver-1.9.25.1.jar;C:\Users\haziq\.m2\repository\org\springframework\boot\spring-boot-jdbc\4.0.3\spring-boot-jdbc-4.0.3.jar;C:\Users\haziq\.m2\repository\org\springframework\boot\spring-boot\4.0.3\spring-boot-4.0.3.jar;C:\Users\haziq\.m2\repository\org\springframework\boot\spring-boot-sql\4.0.3\spring-boot-sql-4.0.3.jar;C:\Users\haziq\.m2\repository\org\springframework\boot\spring-boot-transaction\4.0.3\spring-boot-transaction-4.0.3.jar;C:\Users\haziq\.m2\repository\org\springframework\spring-jdbc\7.0.5\spring-jdbc-7.0.5.jar;C:\Users\haziq\.m2\repository\org\springframework\boot\spring-boot-starter-security\4.0.3\spring-boot-starter-security-4.0.3.jar;C:\Users\haziq\.m2\repository\org\springframework\boot\spring-boot-security\4.0.3\spring-boot-security-4.0.3.jar;C:\Users\haziq\.m2\repository\org\springframework\security\spring-security-config\7.0.3\spring-security-config-7.0.3.jar;C:\Users\haziq\.m2\repository\org\springframework\security\spring-security-core\7.0.3\spring-security-core-7.0.3.jar;C:\Users\haziq\.m2\repository\org\springframework\security\spring-security-crypto\7.0.3\spring-security-crypto-7.0.3.jar;C:\Users\haziq\.m2\repository\org\springframework\security\spring-security-web\7.0.3\spring-security-web-7.0.3.jar;C:\Users\haziq\.m2\repository\org\springframework\spring-expression\7.0.5\spring-expression-7.0.5.jar;C:\Users\haziq\.m2\repository\org\springframework\spring-aop\7.0.5\spring-aop-7.0.5.jar;C:\Users\haziq\.m2\repository\org\springframework\spring-beans\7.0.5\spring-beans-7.0.5.jar;C:\Users\haziq\.m2\repository\org\springframework\spring-core\7.0.5\spring-core-7.0.5.jar;C:\Users\haziq\.m2\repository\commons-logging\commons-logging\1.3.5\commons-logging-1.3.5.jar;C:\Users\haziq\.m2\repository\org\jspecify\jspecify\1.0.0\jspecify-1.0.0.jar;C:\Users\haziq\.m2\repository\org\springframework\boot\spring-boot-starter-thymeleaf\4.0.3\spring-boot-starter-thymeleaf-4.0.3.jar;C:\Users\haziq\.m2\repository\org\springframework\boot\spring-boot-thymeleaf\4.0.3\spring-boot-thymeleaf-4.0.3.jar;C:\Users\haziq\.m2\repository\org\springframework\spring-web\7.0.5\spring-web-7.0.5.jar;C:\Users\haziq\.m2\repository\io\micrometer\micrometer-observation\1.16.3\micrometer-observation-1.16.3.jar;C:\Users\haziq\.m2\repository\io\micrometer\micrometer-commons\1.16.3\micrometer-commons-1.16.3.jar;C:\Users\haziq\.m2\repository\org\springframework\boot\spring-boot-starter-validation\4.0.3\spring-boot-starter-validation-4.0.3.jar;C:\Users\haziq\.m2\repository\org\springframework\boot\spring-boot-validation\4.0.3\spring-boot-validation-4.0.3.jar;C:\Users\haziq\.m2\repository\org\apache\tomcat\embed\tomcat-embed-el\11.0.18\tomcat-embed-el-11.0.18.jar;C:\Users\haziq\.m2\repository\org\hibernate\validator\hibernate-validator\9.0.1.Final\hibernate-validator-9.0.1.Final.jar;C:\Users\haziq\.m2\repository\jakarta\validation\jakarta.validation-api\3.1.1\jakarta.validation-api-3.1.1.jar;C:\Users\haziq\.m2\repository\org\jboss\logging\jboss-logging\3.6.2.Final\jboss-logging-3.6.2.Final.jar;C:\Users\haziq\.m2\repository\com\fasterxml\classmate\1.7.3\classmate-1.7.3.jar;C:\Users\haziq\.m2\repository\org\springframework\boot\spring-boot-starter-webmvc\4.0.3\spring-boot-starter-webmvc-4.0.3.jar;C:\Users\haziq\.m2\repository\org\springframework\boot\spring-boot-starter-jackson\4.0.3\spring-boot-starter-jackson-4.0.3.jar;C:\Users\haziq\.m2\repository\org\springframework\boot\spring-boot-jackson\4.0.3\spring-boot-jackson-4.0.3.jar;C:\Users\haziq\.m2\repository\tools\jackson\core\jackson-databind\3.0.4\jackson-databind-3.0.4.jar;C:\Users\haziq\.m2\repository\com\fasterxml\jackson\core\jackson-annotations\2.20\jackson-annotations-2.20.jar;C:\Users\haziq\.m2\repository\tools\jackson\core\jackson-core\3.0.4\jackson-core-3.0.4.jar;C:\Users\haziq\.m2\repository\org\springframework\boot\spring-boot-starter-tomcat\4.0.3\spring-boot-starter-tomcat-4.0.3.jar;C:\Users\haziq\.m2\repository\org\springframework\boot\spring-boot-starter-tomcat-runtime\4.0.3\spring-boot-starter-tomcat-runtime-4.0.3.jar;C:\Users\haziq\.m2\repository\org\apache\tomcat\embed\tomcat-embed-core\11.0.18\tomcat-embed-core-11.0.18.jar;C:\Users\haziq\.m2\repository\org\apache\tomcat\embed\tomcat-embed-websocket\11.0.18\tomcat-embed-websocket-11.0.18.jar;C:\Users\haziq\.m2\repository\org\springframework\boot\spring-boot-tomcat\4.0.3\spring-boot-tomcat-4.0.3.jar;C:\Users\haziq\.m2\repository\org\springframework\boot\spring-boot-http-converter\4.0.3\spring-boot-http-converter-4.0.3.jar;C:\Users\haziq\.m2\repository\org\springframework\boot\spring-boot-webmvc\4.0.3\spring-boot-webmvc-4.0.3.jar;C:\Users\haziq\.m2\repository\org\springframework\boot\spring-boot-servlet\4.0.3\spring-boot-servlet-4.0.3.jar;C:\Users\haziq\.m2\repository\org\springframework\spring-webmvc\7.0.5\spring-webmvc-7.0.5.jar;C:\Users\haziq\.m2\repository\org\thymeleaf\extras\thymeleaf-extras-springsecurity6\3.1.3.RELEASE\thymeleaf-extras-springsecurity6-3.1.3.RELEASE.jar;C:\Users\haziq\.m2\repository\org\thymeleaf\thymeleaf-spring6\3.1.3.RELEASE\thymeleaf-spring6-3.1.3.RELEASE.jar;C:\Users\haziq\.m2\repository\org\thymeleaf\thymeleaf\3.1.3.RELEASE\thymeleaf-3.1.3.RELEASE.jar;C:\Users\haziq\.m2\repository\org\attoparser\attoparser\2.0.7.RELEASE\attoparser-2.0.7.RELEASE.jar;C:\Users\haziq\.m2\repository\org\unbescape\unbescape\1.1.6.RELEASE\unbescape-1.1.6.RELEASE.jar;C:\Users\haziq\.m2\repository\org\slf4j\slf4j-api\2.0.17\slf4j-api-2.0.17.jar;C:\Users\haziq\.m2\repository\com\mysql\mysql-connector-j\9.6.0\mysql-connector-j-9.6.0.jar;C:\Users\haziq\.m2\repository\jakarta\xml\bind\jakarta.xml.bind-api\4.0.4\jakarta.xml.bind-api-4.0.4.jar;C:\Users\haziq\.m2\repository\jakarta\activation\jakarta.activation-api\2.1.4\jakarta.activation-api-2.1.4.jar;C:\Users\haziq\.m2\repository\net\bytebuddy\byte-buddy\1.17.8\byte-buddy-1.17.8.jar;C:\Users\haziq\.m2\repository\org\springframework\boot\spring-boot-web-server\4.0.3\spring-boot-web-server-4.0.3.jar
Launcher Type: SUN_STANDARD

[Global flags]
     intx CICompilerCount                          = 4                                         {product} {ergonomic}
     uint ConcGCThreads                            = 3                                         {product} {ergonomic}
     uint G1ConcRefinementThreads                  = 10                                        {product} {ergonomic}
   size_t G1HeapRegionSize                         = 1048576                                   {product} {ergonomic}
   size_t InitialHeapSize                          = 125829120                                 {product} {ergonomic}
     bool ManagementServer                         = true                                      {product} {command line}
   size_t MarkStackSize                            = 4194304                                   {product} {ergonomic}
   size_t MaxHeapSize                              = 1988100096                                {product} {ergonomic}
   size_t MaxNewSize                               = 1192230912                                {product} {ergonomic}
   size_t MinHeapDeltaBytes                        = 1048576                                   {product} {ergonomic}
   size_t MinHeapSize                              = 8388608                                   {product} {ergonomic}
    uintx NonNMethodCodeHeapSize                   = 4096                                   {pd product} {ergonomic}
    uintx NonProfiledCodeHeapSize                  = 0                                      {pd product} {ergonomic}
     bool ProfileInterpreter                       = false                                  {pd product} {command line}
    uintx ProfiledCodeHeapSize                     = 0                                      {pd product} {ergonomic}
   size_t SoftMaxHeapSize                          = 1988100096                             {manageable} {ergonomic}
     intx TieredStopAtLevel                        = 1                                         {product} {command line}
     bool UseCompressedOops                        = true                           {product lp64_product} {ergonomic}
     bool UseG1GC                                  = true                                      {product} {ergonomic}
     bool UseLargePagesIndividualAllocation        = false                                  {pd product} {ergonomic}

Logging:
Log output configuration:
 #0: stdout all=warning uptime,level,tags foldmultilines=false
 #1: stderr all=off uptime,level,tags foldmultilines=false

Environment Variables:
JAVA_HOME=C:\Program Files\java\jdk-25.0.2
PATH=C:\WINDOWS\system32;C:\WINDOWS;C:\WINDOWS\System32\Wbem;C:\WINDOWS\System32\WindowsPowerShell\v1.0\;C:\WINDOWS\System32\OpenSSH\;C:\Program Files\java\jdk-25.0.2\bin;C:\MinGW\bin;C:\Program Files\MySQL\MySQL Server 8.0\bin;C:\Program Files\Common Files\Oracle\Java\javapath;C:\Program Files\nodejs\;C:\Program Files\MySQL\MySQL Shell 8.0\bin\;C:\Users\haziq\AppData\Local\Microsoft\WindowsApps;C:\Users\haziq\AppData\Local\Programs\Microsoft VS Code\bin;C:\Program Files\java\jdk-25.0.2\bin;C:\Program Files\JetBrains\IntelliJ IDEA Community Edition 2024.1.2\bin;;C:\Program Files\JetBrains\IntelliJ IDEA 2024.2\bin;;C:\Users\haziq\AppData\Roaming\npm;C:\Users\haziq\AppData\Local\GitHubDesktop\bin
USERNAME=haziq
OS=Windows_NT
PROCESSOR_IDENTIFIER=AMD64 Family 25 Model 80 Stepping 0, AuthenticAMD
TMP=C:\Users\haziq\AppData\Local\Temp
TEMP=C:\Users\haziq\AppData\Local\Temp




Periodic native trim disabled

---------------  S Y S T E M  ---------------

OS:
 Windows 11 , 64 bit Build 26100 (10.0.26100.7920)
OS uptime: 4 days 6:16 hours
Hyper-V role detected

CPU: total 12 (initial active 12) (12 cores per cpu, 2 threads per core) family 25 model 80 stepping 0 microcode 0xa50000c, cx8, cmov, fxsr, ht, mmx, 3dnowpref, sse, sse2, sse3, ssse3, sse4a, sse4.1, sse4.2, popcnt, lzcnt, tsc, tscinvbit, avx, avx2, aes, erms, clmul, bmi1, bmi2, adx, sha, fma, vzeroupper, clflush, clflushopt, hv, rdtscp, rdpid, fsrm, f16c, cet_ss
Processor Information for processor 0
  Max Mhz: 2301, Current Mhz: 1798, Mhz Limit: 2301
Processor Information for processor 1
  Max Mhz: 2301, Current Mhz: 1798, Mhz Limit: 2301
Processor Information for processor 2
  Max Mhz: 2301, Current Mhz: 2301, Mhz Limit: 2301
Processor Information for processor 3
  Max Mhz: 2301, Current Mhz: 1798, Mhz Limit: 2301
Processor Information for processor 4
  Max Mhz: 2301, Current Mhz: 1798, Mhz Limit: 2301
Processor Information for processor 5
  Max Mhz: 2301, Current Mhz: 1798, Mhz Limit: 2301
Processor Information for processor 6
  Max Mhz: 2301, Current Mhz: 2301, Mhz Limit: 2301
Processor Information for processor 7
  Max Mhz: 2301, Current Mhz: 2301, Mhz Limit: 2301
Processor Information for processor 8
  Max Mhz: 2301, Current Mhz: 2301, Mhz Limit: 2301
Processor Information for processor 9
  Max Mhz: 2301, Current Mhz: 2301, Mhz Limit: 2301
Processor Information for processor 10
  Max Mhz: 2301, Current Mhz: 1798, Mhz Limit: 2301
Processor Information for processor 11
  Max Mhz: 2301, Current Mhz: 1798, Mhz Limit: 2301

Memory: 4k page, system-wide physical 7582M (337M free)
TotalPageFile size 31134M (AvailPageFile size 5M)
current process WorkingSet (physical memory assigned to process): 102M, peak: 102M
current process commit charge ("private bytes"): 232M, peak: 333M

vm_info: Java HotSpot(TM) 64-Bit Server VM (22.0.1+8-16) for windows-amd64 JRE (22.0.1+8-16), built on 2024-03-12T10:33:16Z by "mach5one" with MS VC++ 17.6 (VS2022)

END.
